[debug] [2022-08-13T11:06:56.735Z] ----------------------------------------------------------------------
[debug] [2022-08-13T11:06:56.738Z] Command:       C:\Program Files\nodejs\node.exe C:\Users\Lenovo X240\AppData\Roaming\npm\node_modules\firebase-tools\lib\bin\firebase.js init
[debug] [2022-08-13T11:06:56.739Z] CLI Version:   11.6.0
[debug] [2022-08-13T11:06:56.739Z] Platform:      win32
[debug] [2022-08-13T11:06:56.739Z] Node Version:  v16.16.0
[debug] [2022-08-13T11:06:56.740Z] Time:          Sat Aug 13 2022 16:36:56 GMT+0530 (India Standard Time)
[debug] [2022-08-13T11:06:56.740Z] ----------------------------------------------------------------------
[debug] 
[debug] [2022-08-13T11:06:56.751Z] > command requires scopes: ["email","openid","https://www.googleapis.com/auth/cloudplatformprojects.readonly","https://www.googleapis.com/auth/firebase","https://www.googleapis.com/auth/cloud-platform"]
[debug] [2022-08-13T11:06:56.752Z] > authorizing via signed-in user (amanbisht123abc@gmail.com)
[info] 
     ######## #### ########  ######## ########     ###     ######  ########
     ##        ##  ##     ## ##       ##     ##  ##   ##  ##       ##
     ######    ##  ########  ######   ########  #########  ######  ######
     ##        ##  ##    ##  ##       ##     ## ##     ##       ## ##
     ##       #### ##     ## ######## ########  ##     ##  ######  ########

You're about to initialize a Firebase project in this directory:

  C:\Users\Lenovo X240\Desktop\Softwares\new folder\firebase

[info] 
=== Project Setup
[info] 
[info] First, let's associate this project directory with a Firebase project.
[info] You can create multiple project aliases by running firebase use --add, 
[info] but for now we'll just set up a default project.
[info] 
[debug] [2022-08-13T11:07:18.155Z] >>> [apiv2][query] GET https://firebase.googleapis.com/v1beta1/projects pageSize=100
[debug] [2022-08-13T11:07:19.294Z] <<< [apiv2][status] GET https://firebase.googleapis.com/v1beta1/projects 200
[debug] [2022-08-13T11:07:19.294Z] <<< [apiv2][body] GET https://firebase.googleapis.com/v1beta1/projects [omitted]
[info] i  Using project fir-learning-ab0c8 (firebase-learning) 
[info] 
=== Hosting Setup
[info] 
[info] Your public directory is the folder (relative to your project directory) that
[info] will contain Hosting assets to be uploaded with firebase deploy. If you
[info] have a build process for your assets, use your build's output directory.
[info] 
[debug] [2022-08-13T11:22:07.176Z] Error: kill ENOSYS
    at process.kill (node:internal/process/per_thread:220:13)
    at process.listener (C:\Users\Lenovo X240\AppData\Roaming\npm\node_modules\firebase-tools\node_modules\signal-exit\index.js:95:15)
    at process.emit (node:events:527:28)
